Using pre-set license
Built from '2021.3/china_unity/release' branch; Version is '2021.3.21f1c1 (08fa194de70f) revision 588313'; Using compiler version '192829333'; Build Type 'Release'
OS: 'Windows 11  (10.0.22621) 64bit Professional' Language: 'zh' Physical Memory: 15608 MB
BatchMode: 1, IsHumanControllingUs: 0, StartBugReporterOnCrash: 0, Is64bit: 1, IsPro: 1

COMMAND LINE ARGUMENTS:
C:\Program Files\Unity\Hub\Editor\2021.3.21f1c1\Editor\Unity.exe
-adb2
-batchMode
-noUpm
-name
AssetImportWorker4
-projectPath
C:/Users/dyx/Desktop/project/unity/XLuaDemo
-logFile
Logs/AssetImportWorker4.log
-srvPort
60109
Successfully changed project path to: C:/Users/dyx/Desktop/project/unity/XLuaDemo
C:/Users/dyx/Desktop/project/unity/XLuaDemo
[UnityMemory] Configuration Parameters - Can be set up in boot.config
    "memorysetup-bucket-allocator-granularity=16"
    "memorysetup-bucket-allocator-bucket-count=8"
    "memorysetup-bucket-allocator-block-size=33554432"
    "memorysetup-bucket-allocator-block-count=8"
    "memorysetup-main-allocator-block-size=16777216"
    "memorysetup-thread-allocator-block-size=16777216"
    "memorysetup-gfx-main-allocator-block-size=16777216"
    "memorysetup-gfx-thread-allocator-block-size=16777216"
    "memorysetup-cache-allocator-block-size=4194304"
    "memorysetup-typetree-allocator-block-size=2097152"
    "memorysetup-profiler-bucket-allocator-granularity=16"
    "memorysetup-profiler-bucket-allocator-bucket-count=8"
    "memorysetup-profiler-bucket-allocator-block-size=33554432"
    "memorysetup-profiler-bucket-allocator-block-count=8"
    "memorysetup-profiler-allocator-block-size=16777216"
    "memorysetup-profiler-editor-allocator-block-size=1048576"
    "memorysetup-temp-allocator-size-main=16777216"
    "memorysetup-job-temp-allocator-block-size=2097152"
    "memorysetup-job-temp-allocator-block-size-background=1048576"
    "memorysetup-job-temp-allocator-reduction-small-platforms=262144"
    "memorysetup-temp-allocator-size-background-worker=32768"
    "memorysetup-temp-allocator-size-job-worker=262144"
    "memorysetup-temp-allocator-size-preload-manager=33554432"
    "memorysetup-temp-allocator-size-nav-mesh-worker=65536"
    "memorysetup-temp-allocator-size-audio-worker=65536"
    "memorysetup-temp-allocator-size-cloud-worker=32768"
    "memorysetup-temp-allocator-size-gi-baking-worker=262144"
    "memorysetup-temp-allocator-size-gfx=262144"
Player connection [27984] Host "[IP] 10.11.74.42 [Port] 0 [Flags] 2 [Guid] 1873056027 [EditorId] 1873056027 [Version] 1048832 [Id] WindowsEditor(7,DESKTOP-dyx) [Debug] 1 [PackageName] WindowsEditor [ProjectName] Editor" joined multi-casting on [225.0.0.222:54997]...

Player connection [27984] Host "[IP] 10.11.74.42 [Port] 0 [Flags] 2 [Guid] 1873056027 [EditorId] 1873056027 [Version] 1048832 [Id] WindowsEditor(7,DESKTOP-dyx) [Debug] 1 [PackageName] WindowsEditor [ProjectName] Editor" joined alternative multi-casting on [225.0.0.222:34997]...

AS: AutoStreaming module initializing.
Refreshing native plugins compatible for Editor in 90.50 ms, found 4 plugins.
Preloading 0 native plugins for Editor in 0.00 ms.
Initialize engine version: 2021.3.21f1c1 (08fa194de70f)
[Subsystems] Discovering subsystems at path C:/Program Files/Unity/Hub/Editor/2021.3.21f1c1/Editor/Data/Resources/UnitySubsystems
[Subsystems] Discovering subsystems at path C:/Users/dyx/Desktop/project/unity/XLuaDemo/Assets
GfxDevice: creating device client; threaded=0; jobified=0
Direct3D:
    Version:  Direct3D 11.0 [level 11.1]
    Renderer: NVIDIA GeForce RTX 4060 Laptop GPU (ID=0x28e0)
    Vendor:   NVIDIA
    VRAM:     7971 MB
    Driver:   31.0.15.2866
Initialize mono
Mono path[0] = 'C:/Program Files/Unity/Hub/Editor/2021.3.21f1c1/Editor/Data/Managed'
Mono path[1] = 'C:/Program Files/Unity/Hub/Editor/2021.3.21f1c1/Editor/Data/MonoBleedingEdge/lib/mono/unityjit-win32'
Mono config path = 'C:/Program Files/Unity/Hub/Editor/2021.3.21f1c1/Editor/Data/MonoBleedingEdge/etc'
Using monoOptions --debugger-agent=transport=dt_socket,embedding=1,server=y,suspend=n,address=127.0.0.1:56836
Begin MonoManager ReloadAssembly
Registering precompiled unity dll's ...
Register platform support module: C:/Program Files/Unity/Hub/Editor/2021.3.21f1c1/Editor/Data/PlaybackEngines/WebGLSupport/UnityEditor.WebGL.Extensions.dll
Register platform support module: C:/Program Files/Unity/Hub/Editor/2021.3.21f1c1/Editor/Data/PlaybackEngines/AndroidPlayer/UnityEditor.Android.Extensions.dll
Register platform support module: C:/Program Files/Unity/Hub/Editor/2021.3.21f1c1/Editor/Data/PlaybackEngines/WindowsStandaloneSupport/UnityEditor.WindowsStandalone.Extensions.dll
Registered in 0.007271 seconds.
Native extension for WindowsStandalone target not found
Native extension for Android target not found
Android Extension - Scanning For ADB Devices 400 ms
Native extension for WebGL target not found
Refreshing native plugins compatible for Editor in 75.77 ms, found 4 plugins.
Preloading 0 native plugins for Editor in 0.00 ms.
Mono: successfully reloaded assembly
- Completed reload, in  1.051 seconds
Domain Reload Profiling:
	ReloadAssembly (1051ms)
		BeginReloadAssembly (96ms)
			ExecutionOrderSort (0ms)
			DisableScriptedObjects (0ms)
			BackupInstance (0ms)
			ReleaseScriptingObjects (0ms)
			CreateAndSetChildDomain (1ms)
		EndReloadAssembly (850ms)
			LoadAssemblies (91ms)
			RebuildTransferFunctionScriptingTraits (0ms)
			SetupTypeCache (112ms)
			ReleaseScriptCaches (0ms)
			RebuildScriptCaches (27ms)
			SetupLoadedEditorAssemblies (652ms)
				LogAssemblyErrors (0ms)
				InitializePlatformSupportModulesInManaged (463ms)
				SetLoadedEditorAssemblies (0ms)
				RefreshPlugins (76ms)
				BeforeProcessingInitializeOnLoad (1ms)
				ProcessInitializeOnLoadAttributes (76ms)
				ProcessInitializeOnLoadMethodAttributes (37ms)
				AfterProcessingInitializeOnLoad (0ms)
				EditorAssembliesLoaded (0ms)
			ExecutionOrderSort2 (0ms)
			AwakeInstancesAfterBackupRestoration (0ms)
Platform modules already initialized, skipping
Registering precompiled user dll's ...
Registered in 0.013567 seconds.
Begin MonoManager ReloadAssembly
Symbol file LoadedFromMemory is not a mono symbol file
Symbol file LoadedFromMemory doesn't match image C:\Users\dyx\Desktop\project\unity\XLuaDemo\Library\PackageCache\com.unity.visualscripting@1.8.0\Editor\VisualScripting.Core\Dependencies\YamlDotNet\Unity.VisualScripting.YamlDotNet.dll
Symbol file LoadedFromMemory doesn't match image C:\Users\dyx\Desktop\project\unity\XLuaDemo\Library\PackageCache\com.unity.visualscripting@1.8.0\Editor\VisualScripting.Core\Dependencies\DotNetZip\Unity.VisualScripting.IonicZip.dll
Native extension for WindowsStandalone target not found
Native extension for Android target not found
Native extension for WebGL target not found
Refreshing native plugins compatible for Editor in 0.67 ms, found 4 plugins.
Preloading 0 native plugins for Editor in 0.00 ms.
Mono: successfully reloaded assembly
- Completed reload, in  1.382 seconds
Domain Reload Profiling:
	ReloadAssembly (1382ms)
		BeginReloadAssembly (112ms)
			ExecutionOrderSort (0ms)
			DisableScriptedObjects (5ms)
			BackupInstance (0ms)
			ReleaseScriptingObjects (0ms)
			CreateAndSetChildDomain (20ms)
		EndReloadAssembly (1169ms)
			LoadAssemblies (91ms)
			RebuildTransferFunctionScriptingTraits (0ms)
			SetupTypeCache (208ms)
			ReleaseScriptCaches (0ms)
			RebuildScriptCaches (39ms)
			SetupLoadedEditorAssemblies (807ms)
				LogAssemblyErrors (0ms)
				InitializePlatformSupportModulesInManaged (16ms)
				SetLoadedEditorAssemblies (0ms)
				RefreshPlugins (1ms)
				BeforeProcessingInitializeOnLoad (73ms)
				ProcessInitializeOnLoadAttributes (687ms)
				ProcessInitializeOnLoadMethodAttributes (18ms)
				AfterProcessingInitializeOnLoad (13ms)
				EditorAssembliesLoaded (0ms)
			ExecutionOrderSort2 (0ms)
			AwakeInstancesAfterBackupRestoration (5ms)
Platform modules already initialized, skipping
========================================================================
Worker process is ready to serve import requests
Launched and connected shader compiler UnityShaderCompiler.exe after 0.05 seconds
Refreshing native plugins compatible for Editor in 0.80 ms, found 4 plugins.
Preloading 0 native plugins for Editor in 0.00 ms.
Unloading 3141 Unused Serialized files (Serialized files now loaded: 0)
Unloading 40 unused Assets / (113.5 KB). Loaded Objects now: 3590.
Memory consumption went from 115.3 MB to 115.2 MB.
Total: 3.472100 ms (FindLiveObjects: 0.234000 ms CreateObjectMapping: 0.163700 ms MarkObjects: 2.942600 ms  DeleteObjects: 0.130400 ms)

AssetImportParameters requested are different than current active one (requested -> active):
  custom:video-decoder-ogg-theora: a1e56fd34408186e4bbccfd4996cb3dc -> 
  custom:container-muxer-webm: aa71ff27fc2769a1b78a27578f13a17b -> 
  custom:container-demuxer-webm: 4f35f7cbe854078d1ac9338744f61a02 -> 
  custom:video-encoder-webm-vp8: eb34c28f22e8b96e1ab97ce403110664 -> 
  custom:video-codec-MediaFoundation-h265: 746d11721c4dcdbdad8f713fa42b33f4 -> 
  custom:audio-encoder-webm-vorbis: bf7c407c2cedff20999df2af8eb42d56 -> 
  custom:framework-win-MediaFoundation: 216162199b28c13a410421893ffa2e32 -> 
  custom:container-demuxer-ogg: 62fdf1f143b41e24485cea50d1cbac27 -> 
  custom:video-decoder-webm-vp8: 9c59270c3fd7afecdb556c50c9e8de78 -> 
  custom:audio-decoder-ogg-vorbis: bf7c407c2cedff20999df2af8eb42d56 -> 
========================================================================
Received Import Request.
  Time since last request: 1619677.643359 seconds.
  path: Assets/Prefebs/Effects/DeadEffect1.prefab
  artifactKey: Guid(58d68a820d6a7db48a93d972d2aeb1ce) Importer(815301076,1909f56bfc062723c751e8b465ee728b)
Start importing Assets/Prefebs/Effects/DeadEffect1.prefab using Guid(58d68a820d6a7db48a93d972d2aeb1ce) Importer(815301076,1909f56bfc062723c751e8b465ee728b)  -> (artifact id: '584c346e0e530a57159bc1e84d92a2df') in 0.114868 seconds 
========================================================================
Received Import Request.
  Time since last request: 1.981828 seconds.
  path: Assets/Prefebs/Item/Card.prefab
  artifactKey: Guid(5a1b34813ca652c4aa43d5567a761f16) Importer(815301076,1909f56bfc062723c751e8b465ee728b)
Start importing Assets/Prefebs/Item/Card.prefab using Guid(5a1b34813ca652c4aa43d5567a761f16) Importer(815301076,1909f56bfc062723c751e8b465ee728b)  -> (artifact id: '4bf1dc1bb0077e27559058387d00ac5f') in 0.061837 seconds 
========================================================================
Received Import Request.
  Time since last request: 0.000041 seconds.
  path: Assets/Prefebs/Item/Shell.prefab
  artifactKey: Guid(be57db61dfb83b7459013f894786b09c) Importer(815301076,1909f56bfc062723c751e8b465ee728b)
Start importing Assets/Prefebs/Item/Shell.prefab using Guid(be57db61dfb83b7459013f894786b09c) Importer(815301076,1909f56bfc062723c751e8b465ee728b)  -> (artifact id: '305baf5c4b11f8ac54524d50c14c4097') in 0.117612 seconds 
========================================================================
Received Import Request.
  Time since last request: 2.052384 seconds.
  path: Assets/Prefebs/Player/Bullect1.prefab
  artifactKey: Guid(ded4301ec5a5681428f133aea7c134f7) Importer(815301076,1909f56bfc062723c751e8b465ee728b)
Start importing Assets/Prefebs/Player/Bullect1.prefab using Guid(ded4301ec5a5681428f133aea7c134f7) Importer(815301076,1909f56bfc062723c751e8b465ee728b)  -> (artifact id: '71cc3807a1fcbecb5863cf4d5c4bb6a8') in 0.022718 seconds 
========================================================================
Received Import Request.
  Time since last request: 5.483447 seconds.
  path: Assets/Prefebs/UI/MoveUI
  artifactKey: Guid(2eea9ce59cd7ba046bc0ed6fdb92a173) Importer(815301076,1909f56bfc062723c751e8b465ee728b)
Start importing Assets/Prefebs/UI/MoveUI using Guid(2eea9ce59cd7ba046bc0ed6fdb92a173) Importer(815301076,1909f56bfc062723c751e8b465ee728b)  -> (artifact id: '585a264c9a29029f9e5f8490421b0443') in 0.002407 seconds 
========================================================================
Received Import Request.
  Time since last request: 0.059596 seconds.
  path: Assets/Prefebs/UI/MoveUI/CreatePao.prefab
  artifactKey: Guid(d5af476bd279b0248bc8ff74ac0d6079) Importer(815301076,1909f56bfc062723c751e8b465ee728b)
Start importing Assets/Prefebs/UI/MoveUI/CreatePao.prefab using Guid(d5af476bd279b0248bc8ff74ac0d6079) Importer(815301076,1909f56bfc062723c751e8b465ee728b)  -> (artifact id: 'a6e7859c7454869e6d32483b1f90a4b0') in 0.007319 seconds 
========================================================================
Received Import Request.
  Time since last request: 0.000021 seconds.
  path: Assets/Prefebs/UI/MoveUI/ImageGold.prefab
  artifactKey: Guid(b6eaec6faf996bc45b6cd313baa37b9e) Importer(815301076,1909f56bfc062723c751e8b465ee728b)
Start importing Assets/Prefebs/UI/MoveUI/ImageGold.prefab using Guid(b6eaec6faf996bc45b6cd313baa37b9e) Importer(815301076,1909f56bfc062723c751e8b465ee728b)  -> (artifact id: '954fc224ff3be20a800b68b90ab28a5d') in 0.006002 seconds 
========================================================================
Received Import Request.
  Time since last request: 3.500408 seconds.
  path: Assets/Prefebs/UI/PlayerUI/Img_Gun.prefab
  artifactKey: Guid(1089cd182513bfd40a70df0e8a7bb04e) Importer(815301076,1909f56bfc062723c751e8b465ee728b)
Start importing Assets/Prefebs/UI/PlayerUI/Img_Gun.prefab using Guid(1089cd182513bfd40a70df0e8a7bb04e) Importer(815301076,1909f56bfc062723c751e8b465ee728b)  -> (artifact id: 'ddf2c4c91446653ea57f53407a5fdee3') in 0.005503 seconds 
========================================================================
Received Import Request.
  Time since last request: 0.001205 seconds.
  path: Assets/Prefebs/UI/PlayerUI/UI_RightTable.prefab
  artifactKey: Guid(a4aad71bedde6f54181ec692b5c5952a) Importer(815301076,1909f56bfc062723c751e8b465ee728b)
Start importing Assets/Prefebs/UI/PlayerUI/UI_RightTable.prefab using Guid(a4aad71bedde6f54181ec692b5c5952a) Importer(815301076,1909f56bfc062723c751e8b465ee728b)  -> (artifact id: 'bd86193522af87faa8b7f9eb36b0eba8') in 0.013568 seconds 
Editor requested this worker to shutdown with reason: Scaling down because of idle timeout
AssetImportWorker is now disconnected from the server
Process exiting
Exiting without the bug reporter. Application will terminate with return code 0